--2021-12-06 12:51:06--  https://ftp.ncbi.nlm.nih.gov/genomes/all/GCA/012/980/515/GCA_012980515.1_Ophcf2/GCA_012980515.1_Ophcf2_protein.faa.gz
Resolving ftp.ncbi.nlm.nih.gov (ftp.ncbi.nlm.nih.gov)... 165.112.9.230, 165.112.9.228, 2607:f220:41e:250::7, ...
Connecting to ftp.ncbi.nlm.nih.gov (ftp.ncbi.nlm.nih.gov)|165.112.9.230|:443... connected.
HTTP request sent, awaiting response... 200 OK
Length: 2385999 (2.3M) [application/x-gzip]
Saving to: 'GCA_012980515.1_Ophcf2_protein.faa.gz'

     0K .......... .......... .......... .......... ..........  2% 1.06M 2s
    50K .......... .......... .......... .......... ..........  4% 2.18M 2s
   100K .......... .......... .......... .......... ..........  6% 53.5M 1s
   150K .......... .......... .......... .......... ..........  8% 2.30M 1s
   200K .......... .......... .......... .......... .......... 10% 60.0M 1s
   250K .......... .......... .......... .......... .......... 12% 83.8M 1s
   300K .......... .......... .......... .......... .......... 15%  128M 1s
   350K .......... .......... .......... .......... .......... 17% 2.34M 1s
   400K .......... .......... .......... .......... .......... 19%  103M 0s
   450K .......... .......... .......... .......... .......... 21%  130M 0s
   500K .......... .......... .......... .......... .......... 23%  131M 0s
   550K .......... .......... .......... .......... .......... 25%  127M 0s
   600K .......... .......... .......... .......... .......... 27%  121M 0s
   650K .......... .......... .......... .......... .......... 30%  132M 0s
   700K .......... .......... .......... .......... .......... 32%  138M 0s
   750K .......... .......... .......... .......... .......... 34% 2.42M 0s
   800K .......... .......... .......... .......... .......... 36%  102M 0s
   850K .......... .......... .......... .......... .......... 38%  129M 0s
   900K .......... .......... .......... .......... .......... 40%  125M 0s
   950K .......... .......... .......... .......... .......... 42%  131M 0s
  1000K .......... .......... .......... .......... .......... 45%  114M 0s
  1050K .......... .......... .......... .......... .......... 47%  131M 0s
  1100K .......... .......... .......... .......... .......... 49%  143M 0s
  1150K .......... .......... .......... .......... .......... 51%  143M 0s
  1200K .......... .......... .......... .......... .......... 53%  112M 0s
  1250K .......... .......... .......... .......... .......... 55%  138M 0s
  1300K .......... .......... .......... .......... .......... 57%  136M 0s
  1350K .......... .......... .......... .......... .......... 60%  139M 0s
  1400K .......... .......... .......... .......... .......... 62%  125M 0s
  1450K .......... .......... .......... .......... .......... 64% 2.78M 0s
  1500K .......... .......... .......... .......... .......... 66%  112M 0s
  1550K .......... .......... .......... .......... .......... 68%  141M 0s
  1600K .......... .......... .......... .......... .......... 70%  125M 0s
  1650K .......... .......... .......... .......... .......... 72%  159M 0s
  1700K .......... .......... .......... .......... .......... 75%  162M 0s
  1750K .......... .......... .......... .......... .......... 77%  165M 0s
  1800K .......... .......... .......... .......... .......... 79%  156M 0s
  1850K .......... .......... .......... .......... .......... 81%  172M 0s
  1900K .......... .......... .......... .......... .......... 83%  180M 0s
  1950K .......... .......... .......... .......... .......... 85%  177M 0s
  2000K .......... .......... .......... .......... .......... 87%  150M 0s
  2050K .......... .......... .......... .......... .......... 90%  175M 0s
  2100K .......... .......... .......... .......... .......... 92%  179M 0s
  2150K .......... .......... .......... .......... .......... 94%  181M 0s
  2200K .......... .......... .......... .......... .......... 96%  159M 0s
  2250K .......... .......... .......... .......... .......... 98%  142M 0s
  2300K .......... .......... ..........                      100%  135M=0.2s

2021-12-06 12:51:07 (13.9 MB/s) - 'GCA_012980515.1_Ophcf2_protein.faa.gz' saved [2385999/2385999]

--2021-12-06 12:51:07--  https://ftp.ncbi.nlm.nih.gov/genomes/all/GCF/000/280/675/GCF_000280675.1_ASM28067v1/GCF_000280675.1_ASM28067v1_protein.faa.gz
Resolving ftp.ncbi.nlm.nih.gov (ftp.ncbi.nlm.nih.gov)... 165.112.9.230, 165.112.9.228, 2607:f220:41e:250::7, ...
Connecting to ftp.ncbi.nlm.nih.gov (ftp.ncbi.nlm.nih.gov)|165.112.9.230|:443... connected.
HTTP request sent, awaiting response... 200 OK
Length: 3333929 (3.2M) [application/x-gzip]
Saving to: 'GCF_000280675.1_ASM28067v1_protein.faa.gz'

     0K .......... .......... .......... .......... ..........  1% 1.08M 3s
    50K .......... .......... .......... .......... ..........  3% 2.13M 2s
   100K .......... .......... .......... .......... ..........  4%  122M 1s
   150K .......... .......... .......... .......... ..........  6% 2.14M 1s
   200K .......... .......... .......... .......... ..........  7%  116M 1s
   250K .......... .......... .......... .......... ..........  9%  139M 1s
   300K .......... .......... .......... .......... .......... 10% 2.18M 1s
   350K .......... .......... .......... .......... .......... 12%  129M 1s
   400K .......... .......... .......... .......... .......... 13%  111M 1s
   450K .......... .......... .......... .......... .......... 15%  142M 1s
   500K .......... .......... .......... .......... .......... 16%  142M 1s
   550K .......... .......... .......... .......... .......... 18%  144M 1s
   600K .......... .......... .......... .......... .......... 19% 2.26M 1s
   650K .......... .......... .......... .......... .......... 21%  124M 1s
   700K .......... .......... .......... .......... .......... 23%  129M 0s
   750K .......... .......... .......... .......... .......... 24%  135M 0s
   800K .......... .......... .......... .......... .......... 26%  119M 0s
   850K .......... .......... .......... .......... .......... 27%  143M 0s
   900K .......... .......... .......... .......... .......... 29%  144M 0s
   950K .......... .......... .......... .......... .......... 30%  141M 0s
  1000K .......... .......... .......... .......... .......... 32%  125M 0s
  1050K .......... .......... .......... .......... .......... 33%  143M 0s
  1100K .......... .......... .......... .......... .......... 35%  139M 0s
  1150K .......... .......... .......... .......... .......... 36%  141M 0s
  1200K .......... .......... .......... .......... .......... 38% 2.47M 0s
  1250K .......... .......... .......... .......... .......... 39%  137M 0s
  1300K .......... .......... .......... .......... .......... 41%  132M 0s
  1350K .......... .......... .......... .......... .......... 43%  136M 0s
  1400K .......... .......... .......... .......... .......... 44%  116M 0s
  1450K .......... .......... .......... .......... .......... 46%  138M 0s
  1500K .......... .......... .......... .......... .......... 47%  132M 0s
  1550K .......... .......... .......... .......... .......... 49%  139M 0s
  1600K .......... .......... .......... .......... .......... 50%  116M 0s
  1650K .......... .......... .......... .......... .......... 52%  141M 0s
  1700K .......... .......... .......... .......... .......... 53%  139M 0s
  1750K .......... .......... .......... .......... .......... 55%  142M 0s
  1800K .......... .......... .......... .......... .......... 56%  127M 0s
  1850K .......... .......... .......... .......... .......... 58%  137M 0s
  1900K .......... .......... .......... .......... .......... 59%  132M 0s
  1950K .......... .......... .......... .......... .......... 61%  134M 0s
  2000K .......... .......... .......... .......... .......... 62%  114M 0s
  2050K .......... .......... .......... .......... .......... 64%  135M 0s
  2100K .......... .......... .......... .......... .......... 66%  134M 0s
  2150K .......... .......... .......... .......... .......... 67% 2.80M 0s
  2200K .......... .......... .......... .......... .......... 69%  107M 0s
  2250K .......... .......... .......... .......... .......... 70%  121M 0s
  2300K .......... .......... .......... .......... .......... 72%  116M 0s
  2350K .......... .......... .......... .......... .......... 73%  124M 0s
  2400K .......... .......... .......... .......... .......... 75%  113M 0s
  2450K .......... .......... .......... .......... .......... 76%  135M 0s
  2500K .......... .......... .......... .......... .......... 78%  136M 0s
  2550K .......... .......... .......... .......... .......... 79%  139M 0s
  2600K .......... .......... .......... .......... .......... 81%  122M 0s
  2650K .......... .......... .......... .......... .......... 82%  140M 0s
  2700K .......... .......... .......... .......... .......... 84%  140M 0s
  2750K .......... .......... .......... .......... .......... 86%  139M 0s
  2800K .......... .......... .......... .......... .......... 87%  117M 0s
  2850K .......... .......... .......... .......... .......... 89%  137M 0s
  2900K .......... .......... .......... .......... .......... 90%  141M 0s
  2950K .......... .......... .......... .......... .......... 92%  139M 0s
  3000K .......... .......... .......... .......... .......... 93%  127M 0s
  3050K .......... .......... .......... .......... .......... 95%  139M 0s
  3100K .......... .......... .......... .......... .......... 96%  141M 0s
  3150K .......... .......... .......... .......... .......... 98%  141M 0s
  3200K .......... .......... .......... .......... .......... 99%  120M 0s
  3250K .....                                                 100% 11044G=0.2s

2021-12-06 12:51:07 (16.4 MB/s) - 'GCF_000280675.1_ASM28067v1_protein.faa.gz' saved [3333929/3333929]

